<?xml version="1.0" encoding="UTF-8"?>
<!-- Generated by org.testng.reporters.JUnitXMLReporter -->
<testsuite hostname="LAPTOP-O50P61C6" name="Test4" tests="1" failures="1" timestamp="19 Dec 2016 17:17:42 GMT" time="19.841" errors="0">
  <testcase name="BankLoginTest" time="8.319" classname="com.suchi.demo_bank.Login_Page_Test">
    <failure type="junit.framework.ComparisonFailure" message="expected:&amp;lt;...Manager Home...&amp;gt; but was:&amp;lt;...Home ...&amp;gt;">
      <![CDATA[junit.framework.ComparisonFailure: expected:<...Manager Home...> but was:<...Home ...>
	at junit.framework.Assert.assertEquals(Assert.java:81)
	at junit.framework.Assert.assertEquals(Assert.java:87)
	at com.suchi.PageObject.MgrHomePage.verifyBankHomePage(MgrHomePage.java:16)
	at com.suchi.demo_bank.Login_Page_Test.BankLoginTest(Login_Page_Test.java:57)
... Removed 24 stack frames]]>
    </failure>
  </testcase> <!-- BankLoginTest -->
</testsuite> <!-- Test4 -->
