<?xml version="1.0" encoding="UTF-8"?>
<testng-results skipped="0" failed="1" total="3" passed="2">
  <reporter-output>
  </reporter-output>
  <suite name="Default suite" duration-ms="23419" started-at="2016-12-24T15:07:33Z" finished-at="2016-12-24T15:07:57Z">
    <groups>
    </groups>
    <test name="Default test" duration-ms="23419" started-at="2016-12-24T15:07:33Z" finished-at="2016-12-24T15:07:57Z">
      <class name="com.suchi.demo_bank.Login_Page_Test">
        <test-method status="PASS" signature="setupTest()[pri:0, instance:com.suchi.demo_bank.Login_Page_Test@ae45eb6]" name="setupTest" is-config="true" duration-ms="6113" started-at="2016-12-24T20:37:33Z" finished-at="2016-12-24T20:37:39Z">
          <reporter-output>
          </reporter-output>
        </test-method> <!-- setupTest -->
        <test-method status="PASS" signature="setupClass()[pri:0, instance:com.suchi.demo_bank.Login_Page_Test@ae45eb6]" name="setupClass" is-config="true" duration-ms="837" started-at="2016-12-24T20:37:39Z" finished-at="2016-12-24T20:37:40Z">
          <reporter-output>
          </reporter-output>
        </test-method> <!-- setupClass -->
        <test-method status="PASS" signature="BankLoginTest(java.lang.String, java.lang.String)[pri:0, instance:com.suchi.demo_bank.Login_Page_Test@ae45eb6]" name="BankLoginTest" duration-ms="7160" started-at="2016-12-24T20:37:40Z" data-provider="TestDataInput" finished-at="2016-12-24T20:37:47Z">
          <params>
            <param index="0">
              <value>
                <![CDATA[mngr55876]]>
              </value>
            </param>
            <param index="1">
              <value>
                <![CDATA[EbujYhE]]>
              </value>
            </param>
          </params>
          <reporter-output>
          </reporter-output>
        </test-method> <!-- BankLoginTest -->
        <test-method status="FAIL" signature="BankLoginTest(java.lang.String, java.lang.String)[pri:0, instance:com.suchi.demo_bank.Login_Page_Test@ae45eb6]" name="BankLoginTest" duration-ms="2431" started-at="2016-12-24T20:37:47Z" data-provider="TestDataInput" finished-at="2016-12-24T20:37:50Z">
          <params>
            <param index="0">
              <value>
                <![CDATA[mngr5580]]>
              </value>
            </param>
            <param index="1">
              <value>
                <![CDATA[EbujYhE]]>
              </value>
            </param>
          </params>
          <exception class="junit.framework.ComparisonFailure">
            <message>
              <![CDATA[expected:<...Manager Home...> but was:<...Home ...>]]>
            </message>
            <full-stacktrace>
              <![CDATA[junit.framework.ComparisonFailure: expected:<...Manager Home...> but was:<...Home ...>
	at junit.framework.Assert.assertEquals(Assert.java:81)
	at junit.framework.Assert.assertEquals(Assert.java:87)
	at com.suchi.PageObject.MgrHomePage.verifyBankHomePage(MgrHomePage.java:16)
	at com.suchi.demo_bank.Login_Page_Test.BankLoginTest(Login_Page_Test.java:64)
	at sun.reflect.NativeMethodAccessorImpl.invoke0(Native Method)
	at sun.reflect.NativeMethodAccessorImpl.invoke(NativeMethodAccessorImpl.java:62)
	at sun.reflect.DelegatingMethodAccessorImpl.invoke(DelegatingMethodAccessorImpl.java:43)
	at java.lang.reflect.Method.invoke(Method.java:498)
	at org.testng.internal.MethodInvocationHelper.invokeMethod(MethodInvocationHelper.java:80)
	at org.testng.internal.Invoker.invokeMethod(Invoker.java:714)
	at org.testng.internal.Invoker.invokeTestMethod(Invoker.java:901)
	at org.testng.internal.Invoker.invokeTestMethods(Invoker.java:1231)
	at org.testng.internal.TestMethodWorker.invokeTestMethods(TestMethodWorker.java:127)
	at org.testng.internal.TestMethodWorker.run(TestMethodWorker.java:111)
	at org.testng.TestRunner.privateRun(TestRunner.java:767)
	at org.testng.TestRunner.run(TestRunner.java:617)
	at org.testng.SuiteRunner.runTest(SuiteRunner.java:334)
	at org.testng.SuiteRunner.runSequentially(SuiteRunner.java:329)
	at org.testng.SuiteRunner.privateRun(SuiteRunner.java:291)
	at org.testng.SuiteRunner.run(SuiteRunner.java:240)
	at org.testng.SuiteRunnerWorker.runSuite(SuiteRunnerWorker.java:52)
	at org.testng.SuiteRunnerWorker.run(SuiteRunnerWorker.java:86)
	at org.testng.TestNG.runSuitesSequentially(TestNG.java:1198)
	at org.testng.TestNG.runSuitesLocally(TestNG.java:1123)
	at org.testng.TestNG.run(TestNG.java:1031)
	at org.testng.remote.AbstractRemoteTestNG.run(AbstractRemoteTestNG.java:132)
	at org.testng.remote.RemoteTestNG.initAndRun(RemoteTestNG.java:236)
	at org.testng.remote.RemoteTestNG.main(RemoteTestNG.java:81)
]]>
            </full-stacktrace>
          </exception> <!-- junit.framework.ComparisonFailure -->
          <reporter-output>
          </reporter-output>
        </test-method> <!-- BankLoginTest -->
        <test-method status="PASS" signature="BankLoginTest(java.lang.String, java.lang.String)[pri:0, instance:com.suchi.demo_bank.Login_Page_Test@ae45eb6]" name="BankLoginTest" duration-ms="4531" started-at="2016-12-24T20:37:50Z" data-provider="TestDataInput" finished-at="2016-12-24T20:37:54Z">
          <params>
            <param index="0">
              <value>
                <![CDATA[mngr55876]]>
              </value>
            </param>
            <param index="1">
              <value>
                <![CDATA[EbujYhE]]>
              </value>
            </param>
          </params>
          <reporter-output>
          </reporter-output>
        </test-method> <!-- BankLoginTest -->
        <test-method status="PASS" signature="teardown()[pri:0, instance:com.suchi.demo_bank.Login_Page_Test@ae45eb6]" name="teardown" is-config="true" duration-ms="2319" started-at="2016-12-24T20:37:54Z" finished-at="2016-12-24T20:37:57Z">
          <reporter-output>
          </reporter-output>
        </test-method> <!-- teardown -->
      </class> <!-- com.suchi.demo_bank.Login_Page_Test -->
    </test> <!-- Default test -->
  </suite> <!-- Default suite -->
</testng-results>
