<?xml version="1.0" encoding="UTF-8"?>
<testng-results skipped="0" failed="0" total="1" passed="1">
  <reporter-output>
  </reporter-output>
  <suite name="Default suite" duration-ms="15188" started-at="2016-12-03T10:00:36Z" finished-at="2016-12-03T10:00:52Z">
    <groups>
    </groups>
    <test name="Default test" duration-ms="15188" started-at="2016-12-03T10:00:36Z" finished-at="2016-12-03T10:00:52Z">
      <class name="com.suchi.demo_bank.Login_Page_Test">
        <test-method status="PASS" signature="setupTest()[pri:0, instance:com.suchi.demo_bank.Login_Page_Test@1d057a39]" name="setupTest" is-config="true" duration-ms="5145" started-at="2016-12-03T15:30:36Z" finished-at="2016-12-03T15:30:42Z">
          <reporter-output>
          </reporter-output>
        </test-method> <!-- setupTest -->
        <test-method status="PASS" signature="setupClass()[pri:0, instance:com.suchi.demo_bank.Login_Page_Test@1d057a39]" name="setupClass" is-config="true" duration-ms="840" started-at="2016-12-03T15:30:42Z" finished-at="2016-12-03T15:30:42Z">
          <reporter-output>
          </reporter-output>
        </test-method> <!-- setupClass -->
        <test-method status="PASS" signature="BankLoginTest()[pri:0, instance:com.suchi.demo_bank.Login_Page_Test@1d057a39]" name="BankLoginTest" duration-ms="6855" started-at="2016-12-03T15:30:42Z" finished-at="2016-12-03T15:30:49Z">
          <reporter-output>
          </reporter-output>
        </test-method> <!-- BankLoginTest -->
        <test-method status="PASS" signature="teardown()[pri:0, instance:com.suchi.demo_bank.Login_Page_Test@1d057a39]" name="teardown" is-config="true" duration-ms="2326" started-at="2016-12-03T15:30:49Z" finished-at="2016-12-03T15:30:52Z">
          <reporter-output>
          </reporter-output>
        </test-method> <!-- teardown -->
      </class> <!-- com.suchi.demo_bank.Login_Page_Test -->
    </test> <!-- Default test -->
  </suite> <!-- Default suite -->
</testng-results>
